<?xml version="1.0" encoding="UTF-8"?>
<testsuite name="TestSuite" time="0.0" tests="2" errors="0" skipped="0" failures="0">
    <testcase name="UpdateDuck.UpdateColorAndHeight" classname="Autotests.duck_controller.UpdateDuck" time="0.0"/>
    <testcase name="UpdateDuck.UpdateColorAndSound" classname="Autotests.duck_controller.UpdateDuck" time="0.0"/>
</testsuite>