<?xml version="1.0" encoding="UTF-8"?>
<testsuite name="TestSuite" time="0.0" tests="2" errors="0" skipped="0" failures="0">
    <testcase name="CreateDuck.CreateWoodenDuck" classname="autotests.duckController.CreateDuck" time="0.0"/>
    <testcase name="CreateDuck.createRubberDuck" classname="autotests.duckController.CreateDuck" time="0.0"/>
</testsuite>